  BattleLog.c
  bossBattle.c
C:\Users\kkjsn\Documents\카카오톡 받은 파일\발표용\data.h(114,69): warning C4091: 'extern ': 변수를 선언하지 않으면 'INVENTORY_RANK' 왼쪽은 무시됩니다.
C:\Users\kkjsn\Documents\카카오톡 받은 파일\발표용\bossBattle.c(201,20): warning C4244: '함수': 'double'에서 'DWORD'(으)로 변환하면서 데이터가 손실될 수 있습니다.
C:\Users\kkjsn\Documents\카카오톡 받은 파일\발표용\bossBattle.c(397,1): warning C4267: '초기화 중': 'size_t'에서 'int'(으)로 변환하면서 데이터가 손실될 수 있습니다.
  BuyItem.c
C:\Users\kkjsn\Documents\카카오톡 받은 파일\발표용\data.h(114,69): warning C4091: 'extern ': 변수를 선언하지 않으면 'INVENTORY_RANK' 왼쪽은 무시됩니다.
C:\Users\kkjsn\Documents\카카오톡 받은 파일\발표용\BuyItem.h(14,1): warning C4005: 'EXP': 매크로 재정의
C:\Users\kkjsn\Documents\카카오톡 받은 파일\발표용\data.h(50): message : 'EXP'의 이전 정의를 참조하십시오.
C:\Users\kkjsn\Documents\카카오톡 받은 파일\발표용\BuyItem.c(405,18): warning C4244: '+=': 'double'에서 'int'(으)로 변환하면서 데이터가 손실될 수 있습니다.
C:\Users\kkjsn\Documents\카카오톡 받은 파일\발표용\BuyItem.c(408,39): warning C4244: '-=': 'double'에서 'int'(으)로 변환하면서 데이터가 손실될 수 있습니다.
C:\Users\kkjsn\Documents\카카오톡 받은 파일\발표용\BuyItem.c(427,40): warning C4244: '=': 'float'에서 'int'(으)로 변환하면서 데이터가 손실될 수 있습니다.
C:\Users\kkjsn\Documents\카카오톡 받은 파일\발표용\BuyItem.c(378,1): warning C4244: '초기화 중': 'float'에서 'int'(으)로 변환하면서 데이터가 손실될 수 있습니다.
C:\Users\kkjsn\Documents\카카오톡 받은 파일\발표용\BuyItem.c(380,10): warning C4101: 'str' :참조되지 않은 지역 변수입니다.
  ChangeHpMp.c
C:\Users\kkjsn\Documents\카카오톡 받은 파일\발표용\data.h(114,69): warning C4091: 'extern ': 변수를 선언하지 않으면 'INVENTORY_RANK' 왼쪽은 무시됩니다.
C:\Users\kkjsn\Documents\카카오톡 받은 파일\발표용\ChangeHpMp.c(7,1): warning C4244: '초기화 중': 'float'에서 'int'(으)로 변환하면서 데이터가 손실될 수 있습니다.
C:\Users\kkjsn\Documents\카카오톡 받은 파일\발표용\ChangeHpMp.c(31,1): warning C4244: '초기화 중': 'float'에서 'int'(으)로 변환하면서 데이터가 손실될 수 있습니다.
C:\Users\kkjsn\Documents\카카오톡 받은 파일\발표용\ChangeHpMp.c(58,1): warning C4244: '초기화 중': 'float'에서 'int'(으)로 변환하면서 데이터가 손실될 수 있습니다.
C:\Users\kkjsn\Documents\카카오톡 받은 파일\발표용\ChangeHpMp.c(86,1): warning C4244: '초기화 중': 'float'에서 'int'(으)로 변환하면서 데이터가 손실될 수 있습니다.
C:\Users\kkjsn\Documents\카카오톡 받은 파일\발표용\ChangeHpMp.c(115,1): warning C4244: '초기화 중': 'float'에서 'int'(으)로 변환하면서 데이터가 손실될 수 있습니다.
C:\Users\kkjsn\Documents\카카오톡 받은 파일\발표용\ChangeHpMp.c(116,1): warning C4244: '초기화 중': 'float'에서 'int'(으)로 변환하면서 데이터가 손실될 수 있습니다.
C:\Users\kkjsn\Documents\카카오톡 받은 파일\발표용\ChangeHpMp.c(144,1): warning C4244: '초기화 중': 'float'에서 'int'(으)로 변환하면서 데이터가 손실될 수 있습니다.
C:\Users\kkjsn\Documents\카카오톡 받은 파일\발표용\ChangeHpMp.c(175,1): warning C4244: '초기화 중': 'float'에서 'int'(으)로 변환하면서 데이터가 손실될 수 있습니다.
C:\Users\kkjsn\Documents\카카오톡 받은 파일\발표용\ChangeHpMp.c(176,1): warning C4244: '초기화 중': 'float'에서 'int'(으)로 변환하면서 데이터가 손실될 수 있습니다.
  Color.c
  Cursor.c
  Damage.c
C:\Users\kkjsn\Documents\카카오톡 받은 파일\발표용\data.h(114,69): warning C4091: 'extern ': 변수를 선언하지 않으면 'INVENTORY_RANK' 왼쪽은 무시됩니다.
C:\Users\kkjsn\Documents\카카오톡 받은 파일\발표용\Damage.c(51,40): warning C4244: '함수': 'double'에서 'int'(으)로 변환하면서 데이터가 손실될 수 있습니다.
C:\Users\kkjsn\Documents\카카오톡 받은 파일\발표용\Damage.c(62,40): warning C4244: '함수': 'double'에서 'int'(으)로 변환하면서 데이터가 손실될 수 있습니다.
C:\Users\kkjsn\Documents\카카오톡 받은 파일\발표용\Damage.c(76,40): warning C4244: '함수': 'double'에서 'int'(으)로 변환하면서 데이터가 손실될 수 있습니다.
C:\Users\kkjsn\Documents\카카오톡 받은 파일\발표용\Damage.c(87,40): warning C4244: '함수': 'double'에서 'int'(으)로 변환하면서 데이터가 손실될 수 있습니다.
C:\Users\kkjsn\Documents\카카오톡 받은 파일\발표용\Damage.c(105,40): warning C4244: '함수': 'double'에서 'int'(으)로 변환하면서 데이터가 손실될 수 있습니다.
C:\Users\kkjsn\Documents\카카오톡 받은 파일\발표용\Damage.c(116,40): warning C4244: '함수': 'double'에서 'int'(으)로 변환하면서 데이터가 손실될 수 있습니다.
C:\Users\kkjsn\Documents\카카오톡 받은 파일\발표용\Damage.c(238,44): warning C4244: '함수': 'double'에서 'int'(으)로 변환하면서 데이터가 손실될 수 있습니다.
C:\Users\kkjsn\Documents\카카오톡 받은 파일\발표용\Damage.c(249,44): warning C4244: '함수': 'double'에서 'int'(으)로 변환하면서 데이터가 손실될 수 있습니다.
C:\Users\kkjsn\Documents\카카오톡 받은 파일\발표용\Damage.c(264,44): warning C4244: '함수': 'double'에서 'int'(으)로 변환하면서 데이터가 손실될 수 있습니다.
C:\Users\kkjsn\Documents\카카오톡 받은 파일\발표용\Damage.c(275,44): warning C4244: '함수': 'double'에서 'int'(으)로 변환하면서 데이터가 손실될 수 있습니다.
C:\Users\kkjsn\Documents\카카오톡 받은 파일\발표용\Damage.c(290,44): warning C4244: '함수': 'double'에서 'int'(으)로 변환하면서 데이터가 손실될 수 있습니다.
C:\Users\kkjsn\Documents\카카오톡 받은 파일\발표용\Damage.c(301,44): warning C4244: '함수': 'double'에서 'int'(으)로 변환하면서 데이터가 손실될 수 있습니다.
C:\Users\kkjsn\Documents\카카오톡 받은 파일\발표용\Damage.c(316,1): warning C4244: '초기화 중': 'double'에서 'int'(으)로 변환하면서 데이터가 손실될 수 있습니다.
C:\Users\kkjsn\Documents\카카오톡 받은 파일\발표용\Damage.c(472,39): warning C4244: '함수': 'double'에서 'int'(으)로 변환하면서 데이터가 손실될 수 있습니다.
C:\Users\kkjsn\Documents\카카오톡 받은 파일\발표용\Damage.c(483,39): warning C4244: '함수': 'double'에서 'int'(으)로 변환하면서 데이터가 손실될 수 있습니다.
C:\Users\kkjsn\Documents\카카오톡 받은 파일\발표용\Damage.c(498,39): warning C4244: '함수': 'double'에서 'int'(으)로 변환하면서 데이터가 손실될 수 있습니다.
C:\Users\kkjsn\Documents\카카오톡 받은 파일\발표용\Damage.c(509,39): warning C4244: '함수': 'double'에서 'int'(으)로 변환하면서 데이터가 손실될 수 있습니다.
C:\Users\kkjsn\Documents\카카오톡 받은 파일\발표용\Damage.c(524,39): warning C4244: '함수': 'double'에서 'int'(으)로 변환하면서 데이터가 손실될 수 있습니다.
C:\Users\kkjsn\Documents\카카오톡 받은 파일\발표용\Damage.c(535,39): warning C4244: '함수': 'double'에서 'int'(으)로 변환하면서 데이터가 손실될 수 있습니다.
C:\Users\kkjsn\Documents\카카오톡 받은 파일\발표용\Damage.c(550,12): warning C4244: '+=': 'double'에서 'int'(으)로 변환하면서 데이터가 손실될 수 있습니다.
C:\Users\kkjsn\Documents\카카오톡 받은 파일\발표용\Damage.c(571,32): warning C4244: '함수': 'double'에서 'int'(으)로 변환하면서 데이터가 손실될 수 있습니다.
C:\Users\kkjsn\Documents\카카오톡 받은 파일\발표용\Damage.c(581,32): warning C4244: '함수': 'double'에서 'int'(으)로 변환하면서 데이터가 손실될 수 있습니다.
  Data.c
C:\Users\kkjsn\Documents\카카오톡 받은 파일\발표용\data.h(114,69): warning C4091: 'extern ': 변수를 선언하지 않으면 'INVENTORY_RANK' 왼쪽은 무시됩니다.
C:\Users\kkjsn\Documents\카카오톡 받은 파일\발표용\Data.c(54,13): warning C4244: '=': 'double'에서 'int'(으)로 변환하면서 데이터가 손실될 수 있습니다.
C:\Users\kkjsn\Documents\카카오톡 받은 파일\발표용\Data.c(55,34): warning C4244: '=': 'double'에서 'int'(으)로 변환하면서 데이터가 손실될 수 있습니다.
  MapInfo.c
  MonsterData.c
C:\Users\kkjsn\Documents\카카오톡 받은 파일\발표용\data.h(114,69): warning C4091: 'extern ': 변수를 선언하지 않으면 'INVENTORY_RANK' 왼쪽은 무시됩니다.
C:\Users\kkjsn\Documents\카카오톡 받은 파일\발표용\MonsterData.c(78,44): warning C4244: '=': 'double'에서 'int'(으)로 변환하면서 데이터가 손실될 수 있습니다.
C:\Users\kkjsn\Documents\카카오톡 받은 파일\발표용\MonsterData.c(79,39): warning C4244: '*=': 'double'에서 'int'(으)로 변환하면서 데이터가 손실될 수 있습니다.
C:\Users\kkjsn\Documents\카카오톡 받은 파일\발표용\MonsterData.c(82,42): warning C4244: '=': 'double'에서 'int'(으)로 변환하면서 데이터가 손실될 수 있습니다.
C:\Users\kkjsn\Documents\카카오톡 받은 파일\발표용\MonsterData.c(83,37): warning C4244: '*=': 'double'에서 'int'(으)로 변환하면서 데이터가 손실될 수 있습니다.
C:\Users\kkjsn\Documents\카카오톡 받은 파일\발표용\MonsterData.c(106,48): warning C4244: '=': 'double'에서 'int'(으)로 변환하면서 데이터가 손실될 수 있습니다.
  Monster_Move.c
C:\Users\kkjsn\Documents\카카오톡 받은 파일\발표용\data.h(114,69): warning C4091: 'extern ': 변수를 선언하지 않으면 'INVENTORY_RANK' 왼쪽은 무시됩니다.
  normalBattleSituation.c
C:\Users\kkjsn\Documents\카카오톡 받은 파일\발표용\data.h(114,69): warning C4091: 'extern ': 변수를 선언하지 않으면 'INVENTORY_RANK' 왼쪽은 무시됩니다.
C:\Users\kkjsn\Documents\카카오톡 받은 파일\발표용\normalBattleSituation.c(90,47): warning C4244: '-=': 'double'에서 'int'(으)로 변환하면서 데이터가 손실될 수 있습니다.
C:\Users\kkjsn\Documents\카카오톡 받은 파일\발표용\normalBattleSituation.c(295,26): warning C4244: '=': 'double'에서 'int'(으)로 변환하면서 데이터가 손실될 수 있습니다.
C:\Users\kkjsn\Documents\카카오톡 받은 파일\발표용\normalBattleSituation.c(302,26): warning C4244: '=': 'double'에서 'int'(으)로 변환하면서 데이터가 손실될 수 있습니다.
C:\Users\kkjsn\Documents\카카오톡 받은 파일\발표용\normalBattleSituation.c(429,1): warning C4244: '초기화 중': 'float'에서 'int'(으)로 변환하면서 데이터가 손실될 수 있습니다.
C:\Users\kkjsn\Documents\카카오톡 받은 파일\발표용\normalBattleSituation.c(452,1): warning C4244: '초기화 중': 'float'에서 'int'(으)로 변환하면서 데이터가 손실될 수 있습니다.
C:\Users\kkjsn\Documents\카카오톡 받은 파일\발표용\normalBattleSituation.c(453,1): warning C4244: '초기화 중': 'float'에서 'int'(으)로 변환하면서 데이터가 손실될 수 있습니다.
  normalSituation.c
C:\Users\kkjsn\Documents\카카오톡 받은 파일\발표용\data.h(114,69): warning C4091: 'extern ': 변수를 선언하지 않으면 'INVENTORY_RANK' 왼쪽은 무시됩니다.
C:\Users\kkjsn\Documents\카카오톡 받은 파일\발표용\normalSituation.c(42,24): warning C4244: '함수': 'double'에서 'DWORD'(으)로 변환하면서 데이터가 손실될 수 있습니다.
C:\Users\kkjsn\Documents\카카오톡 받은 파일\발표용\normalSituation.c(127,1): warning C4244: '초기화 중': 'float'에서 'int'(으)로 변환하면서 데이터가 손실될 수 있습니다.
C:\Users\kkjsn\Documents\카카오톡 받은 파일\발표용\normalSituation.c(128,1): warning C4244: '초기화 중': 'float'에서 'int'(으)로 변환하면서 데이터가 손실될 수 있습니다.
C:\Users\kkjsn\Documents\카카오톡 받은 파일\발표용\normalSituation.c(129,1): warning C4244: '초기화 중': 'float'에서 'int'(으)로 변환하면서 데이터가 손실될 수 있습니다.
  pcMoving.c
C:\Users\kkjsn\Documents\카카오톡 받은 파일\발표용\data.h(114,69): warning C4091: 'extern ': 변수를 선언하지 않으면 'INVENTORY_RANK' 왼쪽은 무시됩니다.
  ReinForce.c
C:\Users\kkjsn\Documents\카카오톡 받은 파일\발표용\data.h(114,69): warning C4091: 'extern ': 변수를 선언하지 않으면 'INVENTORY_RANK' 왼쪽은 무시됩니다.
C:\Users\kkjsn\Documents\카카오톡 받은 파일\발표용\ReinForce.c(81,53): warning C4013: 'ReinForceInSelectProcessKeyInput'이(가) 정의되지 않았습니다. extern은 int형을 반환하는 것으로 간주합니다.
C:\Users\kkjsn\Documents\카카오톡 받은 파일\발표용\ReinForce.c(691,1): warning C4244: '초기화 중': 'float'에서 'int'(으)로 변환하면서 데이터가 손실될 수 있습니다.
C:\Users\kkjsn\Documents\카카오톡 받은 파일\발표용\ReinForce.c(717,1): warning C4244: '초기화 중': 'float'에서 'int'(으)로 변환하면서 데이터가 손실될 수 있습니다.
C:\Users\kkjsn\Documents\카카오톡 받은 파일\발표용\ReinForce.c(719,1): warning C4244: '초기화 중': 'float'에서 'int'(으)로 변환하면서 데이터가 손실될 수 있습니다.
C:\Users\kkjsn\Documents\카카오톡 받은 파일\발표용\ReinForce.c(931,1): warning C4244: '초기화 중': 'float'에서 'int'(으)로 변환하면서 데이터가 손실될 수 있습니다.
  skill.c
C:\Users\kkjsn\Documents\카카오톡 받은 파일\발표용\data.h(114,69): warning C4091: 'extern ': 변수를 선언하지 않으면 'INVENTORY_RANK' 왼쪽은 무시됩니다.
C:\Users\kkjsn\Documents\카카오톡 받은 파일\발표용\skill.c(76,45): warning C4267: '함수': 'size_t'에서 'int'(으)로 변환하면서 데이터가 손실될 수 있습니다.
C:\Users\kkjsn\Documents\카카오톡 받은 파일\발표용\skill.c(78,60): warning C4267: '함수': 'size_t'에서 'int'(으)로 변환하면서 데이터가 손실될 수 있습니다.
  Start.c
  Town.c
C:\Users\kkjsn\Documents\카카오톡 받은 파일\발표용\data.h(114,69): warning C4091: 'extern ': 변수를 선언하지 않으면 'INVENTORY_RANK' 왼쪽은 무시됩니다.
  TypingGame.c
C:\Users\kkjsn\Documents\카카오톡 받은 파일\발표용\data.h(114,69): warning C4091: 'extern ': 변수를 선언하지 않으면 'INVENTORY_RANK' 왼쪽은 무시됩니다.
C:\Users\kkjsn\Documents\카카오톡 받은 파일\발표용\TypingGame.c(114,1): warning C4267: '초기화 중': 'size_t'에서 'int'(으)로 변환하면서 데이터가 손실될 수 있습니다.
C:\Users\kkjsn\Documents\카카오톡 받은 파일\발표용\TypingGame.c(278,74): warning C4244: '=': 'double'에서 'int'(으)로 변환하면서 데이터가 손실될 수 있습니다.
C:\Users\kkjsn\Documents\카카오톡 받은 파일\발표용\TypingGame.c(264,1): warning C4267: '초기화 중': 'size_t'에서 'int'(으)로 변환하면서 데이터가 손실될 수 있습니다.
C:\Users\kkjsn\Documents\카카오톡 받은 파일\발표용\TypingGame.c(276,1): warning C4267: '초기화 중': 'size_t'에서 'int'(으)로 변환하면서 데이터가 손실될 수 있습니다.
  메인.c
C:\Users\kkjsn\Documents\카카오톡 받은 파일\발표용\data.h(114,69): warning C4091: 'extern ': 변수를 선언하지 않으면 'INVENTORY_RANK' 왼쪽은 무시됩니다.
C:\Users\kkjsn\Documents\카카오톡 받은 파일\발표용\BuyItem.h(14,1): warning C4005: 'EXP': 매크로 재정의
C:\Users\kkjsn\Documents\카카오톡 받은 파일\발표용\data.h(50): message : 'EXP'의 이전 정의를 참조하십시오.
C:\Users\kkjsn\Documents\카카오톡 받은 파일\발표용\메인.c(19,17): warning C4013: 'MainView'이(가) 정의되지 않았습니다. extern은 int형을 반환하는 것으로 간주합니다.
C:\Users\kkjsn\Documents\카카오톡 받은 파일\발표용\메인.c(22,25): warning C4244: '함수': 'time_t'에서 'unsigned int'(으)로 변환하면서 데이터가 손실될 수 있습니다.
  코드를 생성하고 있습니다...
C:\Users\kkjsn\Documents\카카오톡 받은 파일\발표용\Damage.c(356): warning C4715: 'Calculate_Upper_OR_Lower': 모든 제어 경로에서 값을 반환하지는 않습니다.
  소설기_projectFile.vcxproj -> C:\Users\kkjsn\Documents\카카오톡 받은 파일\발표용\x64\Debug\소설기_projectFile.exe
